Microsoft HTML Help Compiler 4.74.8702

Compiling d:\-GUILL~1\@Delphi\MODBUS~3\HELP\MbusMemoryEmulatorFRA_tmphhp\MbusMemoryEmulatorFRA.chm

start.html
license.html
mainwindow.html
config.html
scripteditor.html
runemulator.html
functions.html
scriptstructure.html
scripttype.html
scriptvariable.html
scriptfunctions.html
scriptoperator.html
traitementconditionnel.html
scriptloop.html
scriptmemory.html
dispatcherpresentation.html
dispatchermainwindow.html
dispatcherconfig.html
credits.html
MbusMemoryEmulatorFRA.hhc
MbusMemoryEmulatorFRA.hhk
mainwindowb1.PNG
mainwindowb2.PNG
mainwindowb3.PNG
mainwindowb4.PNG
mainwindowb5.PNG
mainwindowb6.PNG
mainwindowb7.PNG
mainwindowb8.PNG
mainwindowb9.PNG
mainwindowb10.PNG
configb1.PNG
scripteditorb1.PNG
runemulatorb1.PNG
runemulatorb2.PNG
dispatcherpresentationb1.PNG
dispatchermainwindowb1.PNG
dispatchermainwindowb2.PNG
dispatchermainwindowb3.PNG
dispatchermainwindowb4.PNG
dispatchermainwindowb5.PNG
dispatchermainwindowb6.PNG
dispatchermainwindowb7.PNG
dispatchermainwindowb8.PNG
dispatchermainwindowb9.PNG
dispatchermainwindowb10.PNG
dispatcherconfigb1.PNG
creditsb1.JPG
creditsb2.PNG
creditsb3.PNG
creditsb4.PNG
creditsb5.PNG

Compile time: 0 minutes, 0 seconds
21	Topics
86	Local links
5	Internet links
31	Graphics


Created d:\-GUILL~1\@Delphi\MODBUS~3\HELP\MbusMemoryEmulatorFRA_tmphhp\MbusMemoryEmulatorFRA.chm, 424,191 bytes
Compression decreased file by 340,624 bytes.
